# JRE version: OpenJDK Runtime Environment (7.0_95) (build 1.7.0_95-b00)
# Java VM: OpenJDK 64-Bit Server VM (24.95-b01 mixed mode linux-amd64 compressed oops)
Heap
 PSYoungGen      total 36864K, used 33323K [0x00000007d7000000, 0x00000007d9900000, 0x0000000800000000)
  eden space 31744K, 95% used [0x00000007d7000000,0x00000007d8da6c98,0x00000007d8f00000)
  from space 5120K, 57% used [0x00000007d8f00000,0x00000007d91e4060,0x00000007d9400000)
  to   space 5120K, 0% used [0x00000007d9400000,0x00000007d9400000,0x00000007d9900000)
 ParOldGen       total 83968K, used 11578K [0x0000000785000000, 0x000000078a200000, 0x00000007d7000000)
  object space 83968K, 13% used [0x0000000785000000,0x0000000785b4eb40,0x000000078a200000)
 PSPermGen       total 40448K, used 18753K [0x000000077aa00000, 0x000000077d180000, 0x0000000785000000)
  object space 40448K, 46% used [0x000000077aa00000,0x000000077bc505b8,0x000000077d180000)
GC Heap History (10 events):
Event: 483,365 GC heap before
{Heap before GC invocations=4 (full 1):
 PSYoungGen      total 36864K, used 22040K [0x00000007d7000000, 0x00000007d9900000, 0x0000000800000000)
  eden space 31744K, 69% used [0x00000007d7000000,0x00000007d85860a8,0x00000007d8f00000)
  from space 5120K, 0% used [0x00000007d9400000,0x00000007d9400000,0x00000007d9900000)
  to   space 5120K, 0% used [0x00000007d8f00000,0x00000007d8f00000,0x00000007d9400000)
 ParOldGen       total 83968K, used 11473K [0x0000000785000000, 0x000000078a200000, 0x00000007d7000000)
  object space 83968K, 13% used [0x0000000785000000,0x0000000785b347c8,0x000000078a200000)
 PSPermGen       total 37376K, used 18647K [0x000000077aa00000, 0x000000077ce80000, 0x0000000785000000)
  object space 37376K, 49% used [0x000000077aa00000,0x000000077bc35f38,0x000000077ce80000)
Event: 483,366 GC heap after
Heap after GC invocations=4 (full 1):
 PSYoungGen      total 36864K, used 3316K [0x00000007d7000000, 0x00000007d9900000, 0x0000000800000000)
  eden space 31744K, 0% used [0x00000007d7000000,0x00000007d7000000,0x00000007d8f00000)
  from space 5120K, 64% used [0x00000007d8f00000,0x00000007d923d268,0x00000007d9400000)
  to   space 5120K, 0% used [0x00000007d9400000,0x00000007d9400000,0x00000007d9900000)
 ParOldGen       total 83968K, used 11481K [0x0000000785000000, 0x000000078a200000, 0x00000007d7000000)
  object space 83968K, 13% used [0x0000000785000000,0x0000000785b367c8,0x000000078a200000)
 PSPermGen       total 37376K, used 18647K [0x000000077aa00000, 0x000000077ce80000, 0x0000000785000000)
  object space 37376K, 49% used [0x000000077aa00000,0x000000077bc35f38,0x000000077ce80000)
}
Event: 483,366 GC heap before
{Heap before GC invocations=5 (full 2):
 PSYoungGen      total 36864K, used 3316K [0x00000007d7000000, 0x00000007d9900000, 0x0000000800000000)
  eden space 31744K, 0% used [0x00000007d7000000,0x00000007d7000000,0x00000007d8f00000)
  from space 5120K, 64% used [0x00000007d8f00000,0x00000007d923d268,0x00000007d9400000)
  to   space 5120K, 0% used [0x00000007d9400000,0x00000007d9400000,0x00000007d9900000)
 ParOldGen       total 83968K, used 11481K [0x0000000785000000, 0x000000078a200000, 0x00000007d7000000)
  object space 83968K, 13% used [0x0000000785000000,0x0000000785b367c8,0x000000078a200000)
 PSPermGen       total 37376K, used 18647K [0x000000077aa00000, 0x000000077ce80000, 0x0000000785000000)
  object space 37376K, 49% used [0x000000077aa00000,0x000000077bc35f38,0x000000077ce80000)
Event: 483,404 GC heap after
Heap after GC invocations=5 (full 2):
 PSYoungGen      total 36864K, used 0K [0x00000007d7000000, 0x00000007d9900000, 0x0000000800000000)
  eden space 31744K, 0% used [0x00000007d7000000,0x00000007d7000000,0x00000007d8f00000)
  from space 5120K, 0% used [0x00000007d8f00000,0x00000007d8f00000,0x00000007d9400000)
  to   space 5120K, 0% used [0x00000007d9400000,0x00000007d9400000,0x00000007d9900000)
 ParOldGen       total 83968K, used 11543K [0x0000000785000000, 0x000000078a200000, 0x00000007d7000000)
  object space 83968K, 13% used [0x0000000785000000,0x0000000785b45c58,0x000000078a200000)
 PSPermGen       total 41984K, used 18647K [0x000000077aa00000, 0x000000077d300000, 0x0000000785000000)
  object space 41984K, 44% used [0x000000077aa00000,0x000000077bc35d98,0x000000077d300000)
}
Event: 702,306 GC heap before
{Heap before GC invocations=6 (full 2):
 PSYoungGen      total 36864K, used 17433K [0x00000007d7000000, 0x00000007d9900000, 0x0000000800000000)
  eden space 31744K, 54% used [0x00000007d7000000,0x00000007d81065d0,0x00000007d8f00000)
  from space 5120K, 0% used [0x00000007d8f00000,0x00000007d8f00000,0x00000007d9400000)
  to   space 5120K, 0% used [0x00000007d9400000,0x00000007d9400000,0x00000007d9900000)
 ParOldGen       total 83968K, used 11543K [0x0000000785000000, 0x000000078a200000, 0x00000007d7000000)
  object space 83968K, 13% used [0x0000000785000000,0x0000000785b45c58,0x000000078a200000)
 PSPermGen       total 41984K, used 18703K [0x000000077aa00000, 0x000000077d300000, 0x0000000785000000)
  object space 41984K, 44% used [0x000000077aa00000,0x000000077bc43f50,0x000000077d300000)
Event: 702,308 GC heap after
Heap after GC invocations=6 (full 2):
 PSYoungGen      total 36864K, used 2992K [0x00000007d7000000, 0x00000007d9900000, 0x0000000800000000)
  eden space 31744K, 0% used [0x00000007d7000000,0x00000007d7000000,0x00000007d8f00000)
  from space 5120K, 58% used [0x00000007d9400000,0x00000007d96ec060,0x00000007d9900000)
  to   space 5120K, 0% used [0x00000007d8f00000,0x00000007d8f00000,0x00000007d9400000)
 ParOldGen       total 83968K, used 11543K [0x0000000785000000, 0x000000078a200000, 0x00000007d7000000)
  object space 83968K, 13% used [0x0000000785000000,0x0000000785b45c58,0x000000078a200000)
 PSPermGen       total 41984K, used 18703K [0x000000077aa00000, 0x000000077d300000, 0x0000000785000000)
  object space 41984K, 44% used [0x000000077aa00000,0x000000077bc43f50,0x000000077d300000)
}
Event: 702,308 GC heap before
{Heap before GC invocations=7 (full 3):
 PSYoungGen      total 36864K, used 2992K [0x00000007d7000000, 0x00000007d9900000, 0x0000000800000000)
  eden space 31744K, 0% used [0x00000007d7000000,0x00000007d7000000,0x00000007d8f00000)
  from space 5120K, 58% used [0x00000007d9400000,0x00000007d96ec060,0x00000007d9900000)
  to   space 5120K, 0% used [0x00000007d8f00000,0x00000007d8f00000,0x00000007d9400000)
 ParOldGen       total 83968K, used 11543K [0x0000000785000000, 0x000000078a200000, 0x00000007d7000000)
  object space 83968K, 13% used [0x0000000785000000,0x0000000785b45c58,0x000000078a200000)
 PSPermGen       total 41984K, used 18703K [0x000000077aa00000, 0x000000077d300000, 0x0000000785000000)
  object space 41984K, 44% used [0x000000077aa00000,0x000000077bc43f50,0x000000077d300000)
Event: 702,351 GC heap after
Heap after GC invocations=7 (full 3):
 PSYoungGen      total 36864K, used 0K [0x00000007d7000000, 0x00000007d9900000, 0x0000000800000000)
  eden space 31744K, 0% used [0x00000007d7000000,0x00000007d7000000,0x00000007d8f00000)
  from space 5120K, 0% used [0x00000007d9400000,0x00000007d9400000,0x00000007d9900000)
  to   space 5120K, 0% used [0x00000007d8f00000,0x00000007d8f00000,0x00000007d9400000)
 ParOldGen       total 83968K, used 11570K [0x0000000785000000, 0x000000078a200000, 0x00000007d7000000)
  object space 83968K, 13% used [0x0000000785000000,0x0000000785b4cb40,0x000000078a200000)
 PSPermGen       total 40448K, used 18703K [0x000000077aa00000, 0x000000077d180000, 0x0000000785000000)
  object space 40448K, 46% used [0x000000077aa00000,0x000000077bc43e30,0x000000077d180000)
}
Event: 2829,048 GC heap before
{Heap before GC invocations=8 (full 3):
 PSYoungGen      total 36864K, used 31744K [0x00000007d7000000, 0x00000007d9900000, 0x0000000800000000)
  eden space 31744K, 100% used [0x00000007d7000000,0x00000007d8f00000,0x00000007d8f00000)
  from space 5120K, 0% used [0x00000007d9400000,0x00000007d9400000,0x00000007d9900000)
  to   space 5120K, 0% used [0x00000007d8f00000,0x00000007d8f00000,0x00000007d9400000)
 ParOldGen       total 83968K, used 11570K [0x0000000785000000, 0x000000078a200000, 0x00000007d7000000)
  object space 83968K, 13% used [0x0000000785000000,0x0000000785b4cb40,0x000000078a200000)
 PSPermGen       total 40448K, used 18753K [0x000000077aa00000, 0x000000077d180000, 0x0000000785000000)
  object space 40448K, 46% used [0x000000077aa00000,0x000000077bc50518,0x000000077d180000)
Event: 2829,050 GC heap after
Heap after GC invocations=8 (full 3):
 PSYoungGen      total 36864K, used 2960K [0x00000007d7000000, 0x00000007d9900000, 0x0000000800000000)
  eden space 31744K, 0% used [0x00000007d7000000,0x00000007d7000000,0x00000007d8f00000)
  from space 5120K, 57% used [0x00000007d8f00000,0x00000007d91e4060,0x00000007d9400000)
  to   space 5120K, 0% used [0x00000007d9400000,0x00000007d9400000,0x00000007d9900000)
 ParOldGen       total 83968K, used 11578K [0x0000000785000000, 0x000000078a200000, 0x00000007d7000000)
  object space 83968K, 13% used [0x0000000785000000,0x0000000785b4eb40,0x000000078a200000)
 PSPermGen       total 40448K, used 18753K [0x000000077aa00000, 0x000000077d180000, 0x0000000785000000)
  object space 40448K, 46% used [0x000000077aa00000,0x000000077bc50518,0x000000077d180000)
}

