# JRE version: OpenJDK Runtime Environment (8.0_66-b17) (build 1.8.0_66-internal-b17)
# Java VM: OpenJDK 64-Bit Server VM (25.66-b17 mixed mode linux-amd64 compressed oops)
Heap:
 PSYoungGen      total 604160K, used 59486K [0x00000000d7200000, 0x00000000fc700000, 0x0000000100000000)
  eden space 597504K, 9% used [0x00000000d7200000,0x00000000dac17a08,0x00000000fb980000)
  from space 6656K, 0% used [0x00000000fc080000,0x00000000fc080000,0x00000000fc700000)
  to   space 6656K, 0% used [0x00000000fba00000,0x00000000fba00000,0x00000000fc080000)
 ParOldGen       total 84992K, used 16237K [0x0000000085600000, 0x000000008a900000, 0x00000000d7200000)
  object space 84992K, 19% used [0x0000000085600000,0x00000000865db4f8,0x000000008a900000)
 Metaspace       used 20491K, capacity 20856K, committed 20992K, reserved 1067008K
  class space    used 2400K, capacity 2544K, committed 2560K, reserved 1048576K
GC Heap History (10 events):
Event: 34704,359 GC heap before
{Heap before GC invocations=242 (full 64):
 PSYoungGen      total 604672K, used 6352K [0x00000000d7200000, 0x00000000fc780000, 0x0000000100000000)
  eden space 597504K, 0% used [0x00000000d7200000,0x00000000d7200000,0x00000000fb980000)
  from space 7168K, 88% used [0x00000000fc080000,0x00000000fc6b4078,0x00000000fc780000)
  to   space 7168K, 0% used [0x00000000fb980000,0x00000000fb980000,0x00000000fc080000)
 ParOldGen       total 84992K, used 16239K [0x0000000085600000, 0x000000008a900000, 0x00000000d7200000)
  object space 84992K, 19% used [0x0000000085600000,0x00000000865dbec8,0x000000008a900000)
 Metaspace       used 20472K, capacity 20856K, committed 20992K, reserved 1067008K
  class space    used 2400K, capacity 2544K, committed 2560K, reserved 1048576K
Event: 34704,771 GC heap after
Heap after GC invocations=242 (full 64):
 PSYoungGen      total 604672K, used 0K [0x00000000d7200000, 0x00000000fc780000, 0x0000000100000000)
  eden space 597504K, 0% used [0x00000000d7200000,0x00000000d7200000,0x00000000fb980000)
  from space 7168K, 0% used [0x00000000fc080000,0x00000000fc080000,0x00000000fc780000)
  to   space 7168K, 0% used [0x00000000fb980000,0x00000000fb980000,0x00000000fc080000)
 ParOldGen       total 84992K, used 16237K [0x0000000085600000, 0x000000008a900000, 0x00000000d7200000)
  object space 84992K, 19% used [0x0000000085600000,0x00000000865db720,0x000000008a900000)
 Metaspace       used 20472K, capacity 20856K, committed 20992K, reserved 1067008K
  class space    used 2400K, capacity 2544K, committed 2560K, reserved 1048576K
}
Event: 34705,821 GC heap before
{Heap before GC invocations=243 (full 64):
 PSYoungGen      total 604672K, used 14333K [0x00000000d7200000, 0x00000000fc780000, 0x0000000100000000)
  eden space 597504K, 2% used [0x00000000d7200000,0x00000000d7fff798,0x00000000fb980000)
  from space 7168K, 0% used [0x00000000fc080000,0x00000000fc080000,0x00000000fc780000)
  to   space 7168K, 0% used [0x00000000fb980000,0x00000000fb980000,0x00000000fc080000)
 ParOldGen       total 84992K, used 16237K [0x0000000085600000, 0x000000008a900000, 0x00000000d7200000)
  object space 84992K, 19% used [0x0000000085600000,0x00000000865db720,0x000000008a900000)
 Metaspace       used 20472K, capacity 20856K, committed 20992K, reserved 1067008K
  class space    used 2400K, capacity 2544K, committed 2560K, reserved 1048576K
Event: 34705,978 GC heap after
Heap after GC invocations=243 (full 64):
 PSYoungGen      total 604672K, used 6352K [0x00000000d7200000, 0x00000000fc780000, 0x0000000100000000)
  eden space 597504K, 0% used [0x00000000d7200000,0x00000000d7200000,0x00000000fb980000)
  from space 7168K, 88% used [0x00000000fb980000,0x00000000fbfb4078,0x00000000fc080000)
  to   space 7168K, 0% used [0x00000000fc080000,0x00000000fc080000,0x00000000fc780000)
 ParOldGen       total 84992K, used 16237K [0x0000000085600000, 0x000000008a900000, 0x00000000d7200000)
  object space 84992K, 19% used [0x0000000085600000,0x00000000865db720,0x000000008a900000)
 Metaspace       used 20472K, capacity 20856K, committed 20992K, reserved 1067008K
  class space    used 2400K, capacity 2544K, committed 2560K, reserved 1048576K
}
Event: 34705,978 GC heap before
{Heap before GC invocations=244 (full 65):
 PSYoungGen      total 604672K, used 6352K [0x00000000d7200000, 0x00000000fc780000, 0x0000000100000000)
  eden space 597504K, 0% used [0x00000000d7200000,0x00000000d7200000,0x00000000fb980000)
  from space 7168K, 88% used [0x00000000fb980000,0x00000000fbfb4078,0x00000000fc080000)
  to   space 7168K, 0% used [0x00000000fc080000,0x00000000fc080000,0x00000000fc780000)
 ParOldGen       total 84992K, used 16237K [0x0000000085600000, 0x000000008a900000, 0x00000000d7200000)
  object space 84992K, 19% used [0x0000000085600000,0x00000000865db720,0x000000008a900000)
 Metaspace       used 20472K, capacity 20856K, committed 20992K, reserved 1067008K
  class space    used 2400K, capacity 2544K, committed 2560K, reserved 1048576K
Event: 34706,388 GC heap after
Heap after GC invocations=244 (full 65):
 PSYoungGen      total 604672K, used 0K [0x00000000d7200000, 0x00000000fc780000, 0x0000000100000000)
  eden space 597504K, 0% used [0x00000000d7200000,0x00000000d7200000,0x00000000fb980000)
  from space 7168K, 0% used [0x00000000fb980000,0x00000000fb980000,0x00000000fc080000)
  to   space 7168K, 0% used [0x00000000fc080000,0x00000000fc080000,0x00000000fc780000)
 ParOldGen       total 84992K, used 16236K [0x0000000085600000, 0x000000008a900000, 0x00000000d7200000)
  object space 84992K, 19% used [0x0000000085600000,0x00000000865db3c8,0x000000008a900000)
 Metaspace       used 20472K, capacity 20856K, committed 20992K, reserved 1067008K
  class space    used 2400K, capacity 2544K, committed 2560K, reserved 1048576K
}
Event: 34707,382 GC heap before
{Heap before GC invocations=245 (full 65):
 PSYoungGen      total 604672K, used 14614K [0x00000000d7200000, 0x00000000fc780000, 0x0000000100000000)
  eden space 597504K, 2% used [0x00000000d7200000,0x00000000d8045880,0x00000000fb980000)
  from space 7168K, 0% used [0x00000000fb980000,0x00000000fb980000,0x00000000fc080000)
  to   space 7168K, 0% used [0x00000000fc080000,0x00000000fc080000,0x00000000fc780000)
 ParOldGen       total 84992K, used 16236K [0x0000000085600000, 0x000000008a900000, 0x00000000d7200000)
  object space 84992K, 19% used [0x0000000085600000,0x00000000865db3c8,0x000000008a900000)
 Metaspace       used 20472K, capacity 20856K, committed 20992K, reserved 1067008K
  class space    used 2400K, capacity 2544K, committed 2560K, reserved 1048576K
Event: 34707,554 GC heap after
Heap after GC invocations=245 (full 65):
 PSYoungGen      total 604160K, used 6352K [0x00000000d7200000, 0x00000000fc700000, 0x0000000100000000)
  eden space 597504K, 0% used [0x00000000d7200000,0x00000000d7200000,0x00000000fb980000)
  from space 6656K, 95% used [0x00000000fc080000,0x00000000fc6b4078,0x00000000fc700000)
  to   space 6656K, 0% used [0x00000000fba00000,0x00000000fba00000,0x00000000fc080000)
 ParOldGen       total 84992K, used 16236K [0x0000000085600000, 0x000000008a900000, 0x00000000d7200000)
  object space 84992K, 19% used [0x0000000085600000,0x00000000865db3c8,0x000000008a900000)
 Metaspace       used 20472K, capacity 20856K, committed 20992K, reserved 1067008K
  class space    used 2400K, capacity 2544K, committed 2560K, reserved 1048576K
}
Event: 34707,554 GC heap before
{Heap before GC invocations=246 (full 66):
 PSYoungGen      total 604160K, used 6352K [0x00000000d7200000, 0x00000000fc700000, 0x0000000100000000)
  eden space 597504K, 0% used [0x00000000d7200000,0x00000000d7200000,0x00000000fb980000)
  from space 6656K, 95% used [0x00000000fc080000,0x00000000fc6b4078,0x00000000fc700000)
  to   space 6656K, 0% used [0x00000000fba00000,0x00000000fba00000,0x00000000fc080000)
 ParOldGen       total 84992K, used 16236K [0x0000000085600000, 0x000000008a900000, 0x00000000d7200000)
  object space 84992K, 19% used [0x0000000085600000,0x00000000865db3c8,0x000000008a900000)
 Metaspace       used 20472K, capacity 20856K, committed 20992K, reserved 1067008K
  class space    used 2400K, capacity 2544K, committed 2560K, reserved 1048576K
Event: 34707,968 GC heap after
Heap after GC invocations=246 (full 66):
 PSYoungGen      total 604160K, used 0K [0x00000000d7200000, 0x00000000fc700000, 0x0000000100000000)
  eden space 597504K, 0% used [0x00000000d7200000,0x00000000d7200000,0x00000000fb980000)
  from space 6656K, 0% used [0x00000000fc080000,0x00000000fc080000,0x00000000fc700000)
  to   space 6656K, 0% used [0x00000000fba00000,0x00000000fba00000,0x00000000fc080000)
 ParOldGen       total 84992K, used 16237K [0x0000000085600000, 0x000000008a900000, 0x00000000d7200000)
  object space 84992K, 19% used [0x0000000085600000,0x00000000865db4f8,0x000000008a900000)
 Metaspace       used 20472K, capacity 20856K, committed 20992K, reserved 1067008K
  class space    used 2400K, capacity 2544K, committed 2560K, reserved 1048576K
}

